[www.birmingham.ac.uk/index.html]
[backblue.gif]
[fade.gif]
[index.html]
[www.birmingham.ac.uk/Images/website/HomePageFeatures/responsive/hero-image-test-1-bpz.jpg]
[www.birmingham.ac.uk/WebResourcee96c.js]
[www.birmingham.ac.uk/assets/css/stylesae3f.css]
[www.birmingham.ac.uk/assets/js/vendor/modernizr77be.js]
[www.birmingham.ac.uk/university/hefi/index.html]
[www.birmingham.ac.uk/alumni/index.html]
[www.birmingham.ac.uk/events/index.html]
[www.birmingham.ac.uk/jobs.html]
[www.birmingham.ac.uk/visit/index.html]
[www.birmingham.ac.uk/dubai/index.html]
[www.birmingham.ac.uk/study.html]
[www.birmingham.ac.uk/research/index.html]
[www.birmingham.ac.uk/International/index.html]
[www.birmingham.ac.uk/partners/index.html]
[www.birmingham.ac.uk/news.html]
[www.birmingham.ac.uk/university/index.html]
[www.birmingham.ac.uk/welcome/index.html]
[www.birmingham.ac.uk/study/undergraduate/open-days.html]
[www.birmingham.ac.uk/study/postgraduate/open-events.html]
[www.birmingham.ac.uk/accommodation/index.html]
[www.birmingham.ac.uk/teachers/index.html]
[www.birmingham.ac.uk/contact/directions/index.html]
[www.birmingham.ac.uk/contact/index.html]
[www.birmingham.ac.uk/images/website/homepagefeatures/responsive/hero-image-test-12d38.jpg]
[www.birmingham.ac.uk/images/website/homepagefeatures/responsive/hero-image-test-1-bpz3375.jpg]
[www.birmingham.ac.uk/images/website/homepagefeatures/responsive/open-days-autumn-2021-1a180c-fp-ra-2-minec50.jpg]
[www.birmingham.ac.uk/images/website/homepagefeatures/responsive/pg-open-day-oct21-00638d-fp-la-minec50.gif]
[www.birmingham.ac.uk/study/postgraduate/open-events/campus-events.html]
[www.birmingham.ac.uk/images/website/homepagefeatures/responsive/surgeons-d8e2df-fp-ra-minec50.jpg]
[www.birmingham.ac.uk/news/2022/single-stranded-suture-threads-could-prevent-pregnancy-infection-complications-c-stich-trial-finds.html]
[www.birmingham.ac.uk/images/website/homepagefeatures/responsive/old-person-jigsaw-aea8b2-fp-la-minec50.jpg]
[www.birmingham.ac.uk/news/2022/therapeutic-games-and-brain-stimulation-mitigates-cognitive-decline-in-older-adults.html]
[www.birmingham.ac.uk/events/cwg-cultural-programme/everything-to-everybody-your-shakespeare-your-culture.html]
[www.birmingham.ac.uk/images/website/homepagefeatures/promos/everything-everybody-180x180-min.jpg]
[www.birmingham.ac.uk/events/cwg-cultural-programme/creativity-and-curiosity.html]
[www.birmingham.ac.uk/images/website/homepagefeatures/promos/future-of-care-180x180-min.jpg]
[www.birmingham.ac.uk/schools/lcahm/departments/music/events/2022/spring-22/university-music-pop-comes-to-campus.html]
[www.birmingham.ac.uk/images/website/homepagefeatures/promos/pop-comes-to-campus-180x180-min.jpg]
[www.birmingham.ac.uk/events/cwg-cultural-programme/a-history-through-objects-research-and-innovation-at-the-university-of-birmingham.html]
[www.birmingham.ac.uk/images/website/homepagefeatures/promos/pacemaker-180x180-min.jpg]
[www.birmingham.ac.uk/images/website/homepagefeatures/responsive/stocks-and-shares-29374f-fp-ra-minec50.jpg]
[www.birmingham.ac.uk/news/2022/why-the-interest-in-gilts.html]
[www.birmingham.ac.uk/images/website/homepagefeatures/responsive/foss22-ffffff-fp-la-minec50.jpg]
[www.birmingham.ac.uk/university/colleges/socsci/events/esrc-festival-2022/index.html]
[www.birmingham.ac.uk/images/website/homepagefeatures/responsive/medical-microscope-e8ebee-fp-ra-minec50.jpg]
[www.birmingham.ac.uk/news/2022/new-30m-research-injection-to-improve-treatment-of-inflammatory-diseases.html]
[www.birmingham.ac.uk/images/website/homepagefeatures/responsive/rolls-royce-uob-award-aab7c3-fp-la-minec50.jpg]
[www.birmingham.ac.uk/news/2022/the-university-of-birmingham-and-rolls-royce-partnership-wins-prestigious-award.html]
[www.birmingham.ac.uk/assets/img/degas21a4.jpg]
[www.birmingham.ac.uk/bramall/index.html]
[www.birmingham.ac.uk/assets/img/bramall21a4.jpg]
[www.birmingham.ac.uk/facilities/cadbury/index.html]
[www.birmingham.ac.uk/assets/img/book-hours-crl-promo-221a4.jpg]
[www.birmingham.ac.uk/facilities/lapworth-museum/index.html]
[www.birmingham.ac.uk/assets/img/ammonite21a4.jpg]
[www.birmingham.ac.uk/assets/img/winterbourne-201721a4.jpg]
[www.birmingham.ac.uk/schools/lcahm/departments/music/universitymusic/index.html]
[www.birmingham.ac.uk/assets/img/music21a4.jpg]
[www.birmingham.ac.uk/facilities/rcc/index.html]
[www.birmingham.ac.uk/assets/img/research-and-c-collections21a4.jpg]
[www.birmingham.ac.uk/university/colleges/artslaw/index.html]
[www.birmingham.ac.uk/schools/law/index.html]
[www.birmingham.ac.uk/schools/edacs/index.html]
[www.birmingham.ac.uk/schools/historycultures/index.html]
[www.birmingham.ac.uk/schools/lcahm/index.html]
[www.birmingham.ac.uk/schools/ptr/index.html]
[www.birmingham.ac.uk/university/colleges/mds/index.html]
[www.birmingham.ac.uk/research/applied-health/index.html]
[www.birmingham.ac.uk/schools/biomedical-sciences/index.html]
[www.birmingham.ac.uk/schools/medical-school/index.html]
[www.birmingham.ac.uk/research/cancer-genomics/index.html]
[www.birmingham.ac.uk/research/cardiovascular-sciences/index.html]
[www.birmingham.ac.uk/research/clinical-sciences/index.html]
[www.birmingham.ac.uk/schools/dentistry/index.html]
[www.birmingham.ac.uk/schools/mds-graduate-school/index.html]
[www.birmingham.ac.uk/research/immunology-immunotherapy/index.html]
[www.birmingham.ac.uk/research/inflammation-ageing/index.html]
[www.birmingham.ac.uk/research/metabolism-systems/index.html]
[www.birmingham.ac.uk/research/microbiology-infection/index.html]
[www.birmingham.ac.uk/schools/nursing/index.html]
[www.birmingham.ac.uk/schools/pharmacy/index.html]
[www.birmingham.ac.uk/university/colleges/les/index.html]
[www.birmingham.ac.uk/schools/biosciences/index.html]
[www.birmingham.ac.uk/schools/gees/index.html]
[www.birmingham.ac.uk/schools/psychology/index.html]
[www.birmingham.ac.uk/schools/sport-exercise/index.html]
[www.birmingham.ac.uk/university/colleges/eps/index.html]
[www.birmingham.ac.uk/schools/chemical-engineering/index.html]
[www.birmingham.ac.uk/schools/chemistry/index.html]
[www.birmingham.ac.uk/schools/computer-science/index.html]
[www.birmingham.ac.uk/schools/engineering/index.html]
[www.birmingham.ac.uk/schools/mathematics/index.html]
[www.birmingham.ac.uk/schools/metallurgy-materials/index.html]
[www.birmingham.ac.uk/schools/physics/index.html]
[www.birmingham.ac.uk/university/colleges/socsci/index.html]
[www.birmingham.ac.uk/schools/business/index.html]
[www.birmingham.ac.uk/schools/education/index.html]
[www.birmingham.ac.uk/schools/government/index.html]
[www.birmingham.ac.uk/schools/social-policy/index.html]
[www.birmingham.ac.uk/schools/index.html]
[www.birmingham.ac.uk/schools/liberal-arts-and-sciences/index.html]
[www.birmingham.ac.uk/the-exchange.html]
[www.birmingham.ac.uk/libraries/index.html]
[www.birmingham.ac.uk/facilities/index.html]
[www.birmingham.ac.uk/partners/freedom-of-speech/index.html]
[www.birmingham.ac.uk/assets/img/icons/uob-logo.svg]
[www.birmingham.ac.uk/assets/img/icons/commonwealth-games-2022-partner.svg]
[www.birmingham.ac.uk/contact/we-chat.html]
[www.birmingham.ac.uk/privacy.html]
[www.birmingham.ac.uk/legal/index.html]
[www.birmingham.ac.uk/accessibility/index.html]
[www.birmingham.ac.uk/university/leadership/governance/publication-scheme/index.html]
[www.birmingham.ac.uk/study/applicants.html]
[www.birmingham.ac.uk/university/leadership/governance/policies-regs/information/index.html]
[www.birmingham.ac.uk/university/leadership/governance/publication-scheme/charitable.html]
[www.birmingham.ac.uk/privacy/cookies-settings.html]
[www.birmingham.ac.uk/contact/feedback/index.html]
[www.birmingham.ac.uk/index.html]
[www.birmingham.ac.uk/WebResourcee96c.js]
[www.birmingham.ac.uk/assets/js/all.mind7b3.js]
[www.birmingham.ac.uk/assets/img/cover-alt.jpg]
[www.birmingham.ac.uk/assets/img/cover-dubai.jpg]
[www.birmingham.ac.uk/assets/img/cover.jpg]
[www.birmingham.ac.uk/assets/img/strategic-banner.jpg]
[www.birmingham.ac.uk/assets/img/sf/research-banner.jpg]
[www.birmingham.ac.uk/assets/img/section-arrow.svg]
[www.birmingham.ac.uk/assets/img/icons/checkmark.svg]
[www.birmingham.ac.uk/assets/css/stylesae3f.css]
[www.googletagmanager.com/gtm5445.html]
[www.birmingham.ac.uk/WebResource39ca.js]
[www.birmingham.ac.uk/images/hefi/landing/1440x455-landing-level2/hefi-banner4f61.png]
[www.birmingham.ac.uk/university/hefi/about/index.html]
[www.birmingham.ac.uk/Images/hefi/landing/700x394-homepage-promo/old-gym.png]
[www.birmingham.ac.uk/university/hefi/news/microcpd-library.html]
[www.birmingham.ac.uk/Images/hefi/resources.jpg]
[www.birmingham.ac.uk/university/hefi/about/impact/index.html]
[www.birmingham.ac.uk/Images/hefi/making-an-impact.jpg]
[www.birmingham.ac.uk/university/hefi/news/index.html]
[www.birmingham.ac.uk/university/hefi/about/staff/index.html]
[www.birmingham.ac.uk/university/hefi/events/index.html]
[www.birmingham.ac.uk/news/2022/self-determination-theory-in-assessment-and-feedback-increasing-students-motivation.html]
[www.birmingham.ac.uk/news/2022/towards-authentic-assessment.html]
[www.birmingham.ac.uk/news/2021/personal-academic-tutoring-the-cornerstone-of-inclusive-community.html]
[www.birmingham.ac.uk/university/hefi/index5a3c.html]
[www.birmingham.ac.uk/university/hefi/indexcfd2.html]
[www.birmingham.ac.uk/university/hefi/indexcc38.html]
[platform.twitter.com/widgets.js]
[www.birmingham.ac.uk/Images/hefi/landing/696x401-promo/old-gym.jpg]
[www.birmingham.ac.uk/Images/hefi/landing/696x401-promo/library-tree.jpg]
[www.birmingham.ac.uk/university/hefi/index.html]
[www.birmingham.ac.uk/images/alumni/01-new-site-september-2015/home-page-banners-1440x455/bia-brum-v24f61.jpg]
[www.birmingham.ac.uk/alumni/keep-in-touch/index.html]
[www.birmingham.ac.uk/images/alumni/01-new-site-september-2015/3-promo-row-323x164/keep-in-touch-020cf1.jpg]
[www.birmingham.ac.uk/birmingham-in-action/index.html]
[www.birmingham.ac.uk/images/alumni/01-new-site-september-2015/3-promo-row-323x164/bia0cf1.jpg]
[www.birmingham.ac.uk/images/alumni/01-new-site-september-2015/3-promo-row-323x164/old-joe-a2021-cover0cf1.jpg]
[www.birmingham.ac.uk/alumni/events/index.html]
[www.birmingham.ac.uk/images/alumni/01-new-site-september-2015/3-promo-row-323x164/events-promo-010cf1.jpg]
[www.birmingham.ac.uk/alumni/our-alumni/international-alumni/index.html]
[www.birmingham.ac.uk/images/alumni/01-new-site-september-2015/3-promo-row-323x164/global-networks-010cf1.jpg]
[www.birmingham.ac.uk/alumni/recent-graduates/index.html]
[www.birmingham.ac.uk/images/alumni/01-new-site-september-2015/3-promo-row-323x164/recent-grads0cf1.jpg]
[www.birmingham.ac.uk/alumni/giving/index.html]
[www.birmingham.ac.uk/alumni/get-involved/index.html]
[www.birmingham.ac.uk/alumni/news/index.html]
[www.birmingham.ac.uk/alumni/current-students/index.html]
[www.birmingham.ac.uk/alumni/class-of-2022.html]
[www.birmingham.ac.uk/alumni/our-alumni/index.html]
[www.birmingham.ac.uk/alumni/family/index.html]
[www.birmingham.ac.uk/alumni/benefits/index.html]
[www.birmingham.ac.uk/Images/Alumni/01-NEW-SITE-September-2015/alumni-duo-promos/duo-promo-giving.jpg]
[www.birmingham.ac.uk/Images/website/promos2/research-spotlights-duo-promo.jpg]
[www.birmingham.ac.uk/research/spotlights/index.html]
[www.birmingham.ac.uk/alumni/index.html]
[www.birmingham.ac.uk/static/img/icons/favicon.ico]
[www.googletagmanager.com/gtm571c.js]
[www.birmingham.ac.uk/static/manifest.webmanifest]
[www.birmingham.ac.uk/Images/News/diverse-students.xd79b18c22c3f.jpg]
[www.birmingham.ac.uk/Images/Staff/academic-studying.xc44384b35f7a.jpg]
[www.birmingham.ac.uk/Images/College-MDS-only/college/body/staff-body.xd1bc94895f7a.jpg]
[www.birmingham.ac.uk/media-library/graduate-trainee-office-postit-q8igalmhaua-unsplash.x3e4825185f7a.jpg]
[www.birmingham.ac.uk/media-library/staff-laughing-meeting-tho1-oukbg0-unsplash.xb14caa335f7a.jpg]
[www.birmingham.ac.uk/assets/img/icons/instagram-circle.svg]
[www.birmingham.ac.uk/assets/img/icons/facebook.svg]
[www.birmingham.ac.uk/assets/img/icons/twitter.svg]
[www.birmingham.ac.uk/assets/img/icons/youtube.svg]
[www.birmingham.ac.uk/assets/img/icons/weibo_logo.svg]
[www.birmingham.ac.uk/assets/img/icons/wechat_logo.svg]
[www.birmingham.ac.uk/static/img/search-mob--old720d.svg]
[www.birmingham.ac.uk/static/img/search--old29d3.svg]
[www.birmingham.ac.uk/static/img/search--old-hover0142.svg]
[www.birmingham.ac.uk/static/img/maximise--old3964.svg]
[polyfill.io/v3/polyfill.min7c88.js]
[www.birmingham.ac.uk/news/index.html]
[www.birmingham.ac.uk/media-library/study/campus-aston-webb.xc09e31755f7a.jpg]
[www.birmingham.ac.uk/media-library/politics-ug-small.x6a619d8cf26a.jpg]
[www.birmingham.ac.uk/jobs/staff-benefits.html]
[www.birmingham.ac.uk/Images/News/green-heart-smaller.x3e9e420c532a.jpg]
[www.birmingham.ac.uk/Images/College-ArtsLaw-only/law/dave/dubai.x22f82e58fd76.jpg]
[www.birmingham.ac.uk/Images/News/Kris-smiling.x977829a7fba6.jpg]
[www.birmingham.ac.uk/jobs/academic-applicants.html]
[www.birmingham.ac.uk/jobs/birmingham-fellows.html]
[www.birmingham.ac.uk/jobs/graduate-training-scheme.html]
[www.birmingham.ac.uk/jobs/apprenticeships.html]
[www.birmingham.ac.uk/dubai/work-with-us/index.html]
[www.birmingham.ac.uk/jobs/the-university.html]
[www.birmingham.ac.uk/jobs/sally-brooks.html]
[www.birmingham.ac.uk/media-library/sally-brooks.x55931c43a03b.jpg]
[www.birmingham.ac.uk/jobs/alex-ferranti.html]
[www.birmingham.ac.uk/media-library/alex-ferranti.x1b16425ea03b.jpg]
[www.birmingham.ac.uk/jobs/sukhi-smith.html]
[www.birmingham.ac.uk/media-library/sukhi-smith.xbe3a02afa03b.jpg]
[www.birmingham.ac.uk/jobs/sandev-panaser.html]
[www.birmingham.ac.uk/media-library/sandev-panaser-port.xad31ae1aa03b.jpg]
[www.birmingham.ac.uk/jobs/sammy-li.html]
[www.birmingham.ac.uk/media-library/sammy-li1.xcf986720a03b.jpg]
[www.birmingham.ac.uk/jobs/our-commitment-to-equality.html]
[www.birmingham.ac.uk/media-library/medicine-health-pg-main-image.xf6599872f26a.png]
[www.birmingham.ac.uk/partners/employers/vacancies.html]
[www.birmingham.ac.uk/jobs/make-a-job-application.html]
[www.birmingham.ac.uk/jobs/job-interviews.html]
[www.birmingham.ac.uk/jobs/work-with-our-partners.html]
[www.birmingham.ac.uk/static/startup-2.29.0.js]
[www.birmingham.ac.uk/static/legacy/js/runtime.ee83085698eecbc961eb.js]
[www.birmingham.ac.uk/static/legacy/js/app.4305ad2ab9f5fb3f7d40.js]
[www.birmingham.ac.uk/static/modern/js/runtime.3e6d853d37ecee88abd7.mjs]
[www.birmingham.ac.uk/static/modern/js/app.0dc7069870dc287c3e8d.mjs]
[www.birmingham.ac.uk/static/legacy/js/vendor.15bd5d14d0ef14ae0ea9.js]
[www.birmingham.ac.uk/static/modern/js/0.986f986bc58d6505d482.mjs]
[www.birmingham.ac.uk/static/modern/js/vendor.2b765fcab989b54ad7bf.mjs]
[www.birmingham.ac.uk/static/modern/js/1.b26b9cfd07413a9f5ba1.mjs]
[www.birmingham.ac.uk/static/modern/js/pages-StandardContent-standardContent-page.495174e71bfe10604a0a.mjs]
[www.birmingham.ac.uk/static/modern/js/features-composer-ComposerWrapper.167768c304fc5f1cb5c8.mjs]
[www.birmingham.ac.uk/static/modern/js/features-mixd-components-infoMediaGroup-infoMediaGroup.1ff61608623ce187d39c.mjs]
[www.birmingham.ac.uk/static/modern/js/features-mixd-components-button-button.0715641da17980abb3a0.mjs]
[www.birmingham.ac.uk/static/modern/js/features-textBlock-TextBlock.8f9957f3f3ff1debccff.mjs]
[www.birmingham.ac.uk/static/modern/js/features-mixd-components-imageGalleryWithIntro-imageGalleryWithIntro.c5a63885c85ca166deaf.mjs]
[www.birmingham.ac.uk/static/modern/js/features-mixd-components-fourColGroup-fourColGroup.863d09fc0fcc5af16f40.mjs]
[www.birmingham.ac.uk/static/modern/js/features-mixd-components-contentCallToAction-contentCallToAction.075f90d7638e5798e698.mjs]
[www.birmingham.ac.uk/jobs.html]
[www.birmingham.ac.uk/facilities/lapworth-museum/events/lectures/2022/16nov22-keithpalmerlecture.html]
[www.birmingham.ac.uk/images/college-les-only/gees/lapworth/events/lectures/anjana-khatwa-pic-rob-coombefbd2.png]
[www.birmingham.ac.uk/facilities/lapworth-museum/events/lectures/2022/15dec22-musicevent.html]
[www.birmingham.ac.uk/images/college-les-only/gees/lapworth/events/lectures/samantha-jaynefbd2.jpg]
[www.birmingham.ac.uk/events/exhibitions/peasants-and-proverbs.html]
[www.birmingham.ac.uk/images/events/barber/brueghel-lead-image-compressed3fbd2.jpg]
[www.birmingham.ac.uk/images/college-artslaw-only/music/events/2022/musical-heritage-studentsfac7.jpg]
[www.birmingham.ac.uk/images/events/cwg-cultural-programme/315px-variable-rate-heart-pacemaker-joseph-lucas-ltd-1960-1970-research-and-cultural-collectionsfac7.png]
[www.birmingham.ac.uk/images/college-les-only/gees/lapworth/education/family-fun-days/backpacks-colouring-wordsearches-trails-activities/tilly-the-trilobite-copyfac7.jpg]
[www.birmingham.ac.uk/facilities/lapworth-museum/events/activities/2022/family-activities-tilly-the-trilobite-hidden-word-trail.html]
[www.birmingham.ac.uk/images/college-les-only/gees/lapworth/education/family-fun-days/backpacks-colouring-wordsearches-trails-activities/0001-singlefac7.jpg]
[www.birmingham.ac.uk/facilities/lapworth-museum/events/activities/2022/family-activities-backpack-trail.html]
[www.birmingham.ac.uk/images/events/cwg-cultural-programme/e2e-lob-lead-image-700pxfac7.jpg]
[www.birmingham.ac.uk/images/college-les-only/gees/lapworth/events/exhibtions/mary-anning/mary-maquettefac7.png]
[www.birmingham.ac.uk/facilities/lapworth-museum/events/exhibitions/2022/12sep-maryanning.html]
[www.birmingham.ac.uk/images/staff/human-resources/graphics/19916-bhm-ecard-banners-st3fac7.png]
[www.birmingham.ac.uk/events/black-history-month/index.html]
[www.birmingham.ac.uk/events/black-history-month/2022/mental-health-stigma-in-the-black-community.html]
[www.birmingham.ac.uk/events/black-history-month/2022/cadbury-research-library-black-history-flickr-album.html]
[www.birmingham.ac.uk/images/events/barber/brueghel-lead-image-compressed3fac7.jpg]
[www.birmingham.ac.uk/images/college-les-only/gees/lapworth/education/family-fun-days/2022-october/tom-gates-mega-museum-challenge-graphicfac7.jpg]
[www.birmingham.ac.uk/facilities/lapworth-museum/events/activities/2022/family-activities-tom-gates-trail.html]
[www.birmingham.ac.uk/images/college-social-sciences-only/esrc-festival/2022/the-future-of-care-largefac7.jpg]
[www.birmingham.ac.uk/university/colleges/socsci/events/esrc-festival-2022/events/what-is-the-future-of-care.html]
[www.birmingham.ac.uk/images/the-exchange/making-home/box-containing-craft-materialsfac7.jpg]
[www.birmingham.ac.uk/events/the-exchange/making-home/home-for-half-term-family-activities-on-wednesday-26-october.html]
[www.birmingham.ac.uk/images/staff/human-resources/graphics/leafletforbhmbookcclubfinal-0-copyfac7.jpg]
[www.birmingham.ac.uk/events/black-history-month/2022/library-services-book-club.html]
[www.birmingham.ac.uk/images/college-artslaw-only/historyofart/events/2022/black-phoenix-315fac7.jpg]
[www.birmingham.ac.uk/schools/lcahm/departments/historyofart/events/2022/black-phoenix.html]
[www.birmingham.ac.uk/images/college-artslaw-only/philosophyofreligion/wood315fac7.jpg]
[www.birmingham.ac.uk/schools/ptr/departments/philosophy/events/2022/buddhist-philosophy-religion.html]
[www.birmingham.ac.uk/images/college-artslaw-only/music/events/2022/autumn/sean-shibefac7.jpg]
[www.birmingham.ac.uk/schools/lcahm/departments/music/events/2022/autumn-22/sean-shibe.html]
[www.birmingham.ac.uk/images/the-exchange/making-home/diya-lampsfac7.jpg]
[www.birmingham.ac.uk/events/the-exchange/making-home/home-for-half-term-diya-lamps-for-diwali.html]
[www.birmingham.ac.uk/images/the-exchange/making-home/a-rangoli-pattern-using-fabric-and-beadsfac7.jpg]
[www.birmingham.ac.uk/events/the-exchange/making-home/home-for-half-term-family-activities-on-thursday-27-october.html]
[www.birmingham.ac.uk/events/black-history-month/2022/womens-network-book-club.html]
[www.birmingham.ac.uk/images/college-artslaw-only/shakespeare/events/si-logo-315fac7.jpg]
[www.birmingham.ac.uk/schools/edacs/departments/shakespeare/events/2022/ts2710.html]
[www.birmingham.ac.uk/images/college-social-sciences-only/esrc-festival/2022/levelling-up-the-country-or-levelling-up-our-cityfac7.jpg]
[www.birmingham.ac.uk/university/colleges/socsci/events/esrc-festival-2022/events/levelling-up-the-country-or-levelling-up-the-city.html]
[www.birmingham.ac.uk/images/college-social-sciences-only/esrc-festival/2022/sexuality-race-place-newfac7.jpg]
[www.birmingham.ac.uk/university/colleges/socsci/events/esrc-festival-2022/events/sexuality-race-and-place-in-birmingham.html]
[www.birmingham.ac.uk/images/the-exchange/making-home/kyra-simms-here-to-stayfac7.jpg]
[www.birmingham.ac.uk/events/the-exchange/making-home/black-history-month-here-to-stay.html]
[www.birmingham.ac.uk/images/staff/human-resources/graphics/kyra-simmsfac7.png]
[www.birmingham.ac.uk/events/black-history-month/2022/here-to-stay.html]
[www.birmingham.ac.uk/events/black-history-month/2022/black-voices-host-a-club-night.html]
[www.birmingham.ac.uk/images/the-exchange/making-home/craft-activities-mother-and-sonfac7.jpg]
[www.birmingham.ac.uk/events/the-exchange/making-home/home-for-half-term-family-activities-on-friday-28-october.html]
[www.birmingham.ac.uk/images/college-artslaw-only/music/events/2022/autumn/demonic-and-divine-kenneth-hamiltonfac7.jpg]
[www.birmingham.ac.uk/schools/lcahm/departments/music/events/2022/autumn-22/demonic-and-divine.html]
[www.birmingham.ac.uk/images/college-artslaw-only/music/events/2022/autumn/beastdome-loula-yorkefac7.jpg]
[www.birmingham.ac.uk/schools/lcahm/departments/music/events/2022/autumn-22/beastdome.html]
[www.birmingham.ac.uk/events/black-history-month/2022/birmingham-professional-leadership-series-me-in-3.html]
[www.birmingham.ac.uk/events/birmingham-academic/introduction-to-the-press-office.html]
[www.birmingham.ac.uk/university/colleges/socsci/events/esrc-festival-2022/events/decriminalising-poverty-via-re-imagining-the-criminal-justice-system.html]
[www.birmingham.ac.uk/images/college-social-sciences-only/business/research/city-redi/event-images/wind-turbinefac7.jpg]
[www.birmingham.ac.uk/research/city-redi/events/2022/communities-in-energy-transition.html]
[www.birmingham.ac.uk/images/college-social-sciences-only/esrc-festival/2022/smart-homefac7.jpg]
[www.birmingham.ac.uk/university/colleges/socsci/events/esrc-festival-2022/events/communities-in-energy-transition.html]
[www.birmingham.ac.uk/schools/edacs/departments/shakespeare/events/2022/rsc-writing-workshop.html]
[www.birmingham.ac.uk/images/college-social-sciences-only/business/events/2022/mark-lomas-2fac7.jpg]
[www.birmingham.ac.uk/schools/business/events/2022/11/advisory-board-guest-lecture.html]
[www.birmingham.ac.uk/images/college-social-sciences-only/esrc-festival/2022/peaky-blinders-newfac7.jpg]
[www.birmingham.ac.uk/university/colleges/socsci/events/esrc-festival-2022/events/peaky-blinders.html]
[www.birmingham.ac.uk/images/college-artslaw-only/music/events/2022/autumn/jordan-bak-and-joseph-havlat-jordan-bakfac7.jpg]
[www.birmingham.ac.uk/schools/lcahm/departments/music/events/2022/autumn-22/jordan-bak-and-joseph-havlat.html]
[www.birmingham.ac.uk/images/college-social-sciences-only/esrc-festival/2022/the-importance-of-listening-to-youthfac7.jpg]
[www.birmingham.ac.uk/university/colleges/socsci/events/esrc-festival-2022/events/the-importance-of-listening-to-young-people.html]
[www.birmingham.ac.uk/images/the-exchange/making-home/food-and-homefac7.jpg]
[www.birmingham.ac.uk/events/the-exchange/making-home/weekend-workshop-food-and-home.html]
[www.birmingham.ac.uk/images/college-artslaw-only/law/news/event-crest-holdsworth-cropped-300x300fac7.jpg]
[www.birmingham.ac.uk/schools/law/events/2022/workshop-phd-proposals-funding.html]
[www.birmingham.ac.uk/images/college-social-sciences-only/esrc-festival/2022/school-to-prison2-largefac7.jpg]
[www.birmingham.ac.uk/university/colleges/socsci/events/esrc-festival-2022/events/school-to-prison-pipeline.html]
[www.birmingham.ac.uk/events/birmingham-academic/the-conversation-media-training.html]
[www.birmingham.ac.uk/images/college-social-sciences-only/business/research/city-redi/event-images/all-our-moneyfac7.png]
[www.birmingham.ac.uk/research/city-redi/events/2022/all-our-money.html]
[www.birmingham.ac.uk/images/college-social-sciences-only/esrc-festival/2022/all-our-money-largefac7.jpg]
[www.birmingham.ac.uk/university/colleges/socsci/events/esrc-festival-2022/events/all-our-money.html]
[www.birmingham.ac.uk/images/college-les-only/gees/lapworth/events/lectures/jawless-fishfac7.jpg]
[www.birmingham.ac.uk/facilities/lapworth-museum/events/lectures/2022/8nov22-lapworthlecture.html]
[www.birmingham.ac.uk/images/international/region-out-of-placefac7.jpg]
[www.birmingham.ac.uk/events/events/region-out-of-place.html]
[www.birmingham.ac.uk/images/college-social-sciences-only/esrc-festival/2022/love-me-dofac7.jpg]
[www.birmingham.ac.uk/university/colleges/socsci/events/esrc-festival-2022/events/how-to-fall-in-love-with-your-local-high-street.html]
[www.birmingham.ac.uk/images/collections/cadburyrl/birmingham-quranfac7.jpg]
[www.birmingham.ac.uk/events/lectures/representing-recitation-the-quran-in-the-museum.html]
[www.birmingham.ac.uk/images/college-social-sciences-only/esrc-festival/2022/future-flight-louise-reardonfac7.jpg]
[www.birmingham.ac.uk/university/colleges/socsci/events/esrc-festival-2022/events/bringing-the-future-of-flight-to-life.html]
[www.birmingham.ac.uk/images/the-exchange/making-home/birmingham-canalfac7.jpg]
[www.birmingham.ac.uk/events/the-exchange/making-home/celebrating-sanctuary-birmingham-and-the-refugee-experience-1750-2002.html]
[www.birmingham.ac.uk/images/college-social-sciences-only/esrc-festival/2022/portrayals-of-poverty-place-belongingfac7.jpg]
[www.birmingham.ac.uk/university/colleges/socsci/events/esrc-festival-2022/events/portrayals-of-poverty-place-and-belonging.html]
[www.birmingham.ac.uk/schools/edacs/departments/shakespeare/events/2022/ts1011.html]
[www.birmingham.ac.uk/images/college-social-sciences-only/esrc-festival/2022/misogyny-in-british-politicsfac7.jpg]
[www.birmingham.ac.uk/university/colleges/socsci/events/esrc-festival-2022/events/misogyny-in-british-politics.html]
[www.birmingham.ac.uk/images/college-artslaw-only/music/events/2022/autumn/an-afternoon-at-court-claire-barnett-jonesfac7.jpg]
[www.birmingham.ac.uk/schools/lcahm/departments/music/events/2022/autumn-22/an-afternoon-at-court.html]
[www.birmingham.ac.uk/images/college-artslaw-only/music/events/2022/autumn/birmingham-university-singersfac7.jpg]
[www.birmingham.ac.uk/schools/lcahm/departments/music/events/2022/autumn-22/university-liturgical-choir.html]
[www.birmingham.ac.uk/images/college-social-sciences-only/esrc-festival/2022/what-is-community-wellbeing-largefac7.jpg]
[www.birmingham.ac.uk/university/colleges/socsci/events/esrc-festival-2022/events/what-is-community-wellbeing.html]
[www.birmingham.ac.uk/images/college-les-only/gees/lapworth/events/lectures/anjana-khatwa-pic-rob-coombefac7.png]
[www.birmingham.ac.uk/schools/edacs/departments/shakespeare/events/2022/ts1711.html]
[www.birmingham.ac.uk/images/the-exchange/making-home/richard-ogormanfac7.jpg]
[www.birmingham.ac.uk/events/the-exchange/making-home/late-night-exchange-designing-for-joy.html]
[www.birmingham.ac.uk/schools/lcahm/departments/music/events/2022/autumn-22/king-edwards-school.html]
[www.birmingham.ac.uk/images/college-artslaw-only/staff/bomg/brubaker-lesliefac7.jpg]
[www.birmingham.ac.uk/schools/historycultures/events/2022/seeing-through-byzantium-a-celebration-of-the-career-of-prof-leslie-brubaker.html]
[www.birmingham.ac.uk/images/the-exchange/making-home/lino-printing-workshopfac7.jpg]
[www.birmingham.ac.uk/events/the-exchange/making-home/weekend-workshop-linocut-printing-workshop-for-14–18-year-olds.html]
[www.birmingham.ac.uk/images/college-artslaw-only/music/events/2022/autumn/university-brass-band-and-chamber-choirsfac7.jpg]
[www.birmingham.ac.uk/schools/lcahm/departments/music/events/2022/autumn-22/instrumental-choirs-gala.html]
[www.birmingham.ac.uk/images/college-artslaw-only/music/bramall-violinsfac7.jpg]
[www.birmingham.ac.uk/schools/lcahm/departments/music/events/2022/autumn-22/university-wind-band-and-string-orchestra.html]
[www.birmingham.ac.uk/images/college-artslaw-only/music/events/2022/autumn/turini-ensemble-annabel-knight-and-robin-bigwoodfac7.jpg]
[www.birmingham.ac.uk/schools/lcahm/departments/music/events/2022/autumn-22/turini-ensemble.html]
[www.birmingham.ac.uk/schools/lcahm/departments/music/events/2022/autumn-22/university-brass-band-and-chamber-choirs.html]
[www.birmingham.ac.uk/schools/lcahm/departments/music/events/2022/autumn-22/mass-in-blue.html]
[www.birmingham.ac.uk/images/college-artslaw-only/music/events/2022/autumn/birmingham-university-singers-and-university-upper-voices-bob-chilcottfac7.jpg]
[www.birmingham.ac.uk/schools/lcahm/departments/music/events/2022/autumn-22/birmingham-university-singers-and-university-upper-voices.html]
[www.birmingham.ac.uk/images/college-artslaw-only/music/events/2022/autumn/honorary-president-jess-gillamfac7.jpg]
[www.birmingham.ac.uk/schools/lcahm/departments/music/events/2022/autumn-22/honorary-president-jess-gillam.html]
[www.birmingham.ac.uk/images/college-artslaw-only/historyofart/events/2022/my-lahore-315fac7.jpg]
[www.birmingham.ac.uk/schools/lcahm/departments/historyofart/events/2022/diaspora-by-design.html]
[www.birmingham.ac.uk/images/the-exchange/making-home/bham-energy-institute-logofac7.jpg]
[www.birmingham.ac.uk/events/the-exchange/making-home/birmingham-energy-institute-energy-heat-and-home.html]
[www.birmingham.ac.uk/images/college-artslaw-only/music/events/2022/autumn/jennifer-pike-soul-stringsfac7.jpg]
[www.birmingham.ac.uk/schools/lcahm/departments/music/events/2022/autumn-22/soul-strings.html]
[www.birmingham.ac.uk/schools/edacs/departments/shakespeare/events/2022/ts2411.html]
[www.birmingham.ac.uk/images/college-artslaw-only/philosophyofreligion/events/evil-suffering-hope-900fac7.jpg]
[www.birmingham.ac.uk/schools/ptr/departments/philosophy/events/2022/evil-suffering-and-hope-art-and-poetry-exhibition.html]
[www.birmingham.ac.uk/images/college-artslaw-only/music/events/2022/autumn/clipper-ericksonfac7.jpg]
[www.birmingham.ac.uk/schools/lcahm/departments/music/events/2022/autumn-22/clipper-erickson.html]
[www.birmingham.ac.uk/images/college-artslaw-only/music/events/2022/autumn/marla-schnelderfac7.jpg]
[www.birmingham.ac.uk/schools/lcahm/departments/music/events/2022/autumn-22/university-jazz-orchestra.html]
[www.birmingham.ac.uk/images/college-artslaw-only/music/events/2022/autumn/gospel-revisitedfac7.jpg]
[www.birmingham.ac.uk/schools/lcahm/departments/music/events/2022/autumn-22/gospel-revisited.html]
[www.birmingham.ac.uk/images/college-artslaw-only/music/events/2022/autumn/philharmonic-orchestra-john-williamsfac7.jpg]
[www.birmingham.ac.uk/schools/lcahm/departments/music/events/2022/autumn-22/philharmonic-orchestra.html]
[www.birmingham.ac.uk/images/college-mds-only/metabolism-systems/events/advanced-brain-stimulationfac7.jpg]
[www.birmingham.ac.uk/research/metabolism-systems/events/2022/advanced-brain-stimulation-approaches-for-treating-depression-and-anxiety.html]
[www.birmingham.ac.uk/schools/edacs/departments/shakespeare/events/2022/ts0812.html]
[www.birmingham.ac.uk/schools/lcahm/departments/music/events/2022/autumn-22/birmingham-university-singers.html]
[www.birmingham.ac.uk/images/college-artslaw-only/music/events/2022/autumn/university-carol-servicefac7.jpg]
[www.birmingham.ac.uk/schools/lcahm/departments/music/events/2022/autumn-22/university-carol-service.html]
[www.birmingham.ac.uk/images/college-les-only/gees/lapworth/events/lectures/samantha-jaynefac7.jpg]
[www.birmingham.ac.uk/images/events/uobe/medici logo-cropped-300x300fac7.png]
[www.birmingham.ac.uk/events/events/medici-2023.html]
[www.birmingham.ac.uk/Images/website/promos2/duo-promo-prospectus-2022-min.jpg]
[www.birmingham.ac.uk/study/undergraduate/prospectus.html]
[www.birmingham.ac.uk/WebResource8678.js]
[www.birmingham.ac.uk/events/index.html]
[www.birmingham.ac.uk/images/campaigns/visit/visit-new-landing/visit4f61.jpg]
[www.birmingham.ac.uk/visit/maps-and-directions.html]
[www.birmingham.ac.uk/images/campaigns/visit/visit-new-landing/maps-directions-promo-389a5.jpg]
[www.birmingham.ac.uk/visit/campus-tours.html]
[www.birmingham.ac.uk/images/campaigns/visit/visit-new-landing/campus-tours89a5.jpg]
[www.birmingham.ac.uk/visit/open-days.html]
[www.birmingham.ac.uk/images/campaigns/visit/visit-new-landing/open-day-389a5.jpg]
[www.birmingham.ac.uk/university/campus/museums-and-attractions/index.html]
[www.birmingham.ac.uk/images/landing/university/about-us-promos/our-campus-destination-promo89a5.jpg]
[www.birmingham.ac.uk/study/undergraduate/open-days/other-events-on-campus/campus-tours.html]
[www.birmingham.ac.uk/visit/index.html]
[www.birmingham.ac.uk/dubai/welcome/index.html]
[www.birmingham.ac.uk/dubai/study/alumni/index.html]
[www.birmingham.ac.uk/dubai/events/index.html]
[www.birmingham.ac.uk/dubai/study/index.html]
[www.birmingham.ac.uk/dubai/research/index.html]
[www.birmingham.ac.uk/dubai/business/index.html]
[www.birmingham.ac.uk/dubai/news/index.html]
[www.birmingham.ac.uk/dubai/about/index.html]
[www.birmingham.ac.uk/images/dubai/landing/v2-web-17-20-04-2022-khalifa-1-cropped-1437x7262d38.jpg]
[www.birmingham.ac.uk/images/dubai/campus-images/phase-two/uob-new-campus-exterior-8-banner-image-cropped-775x4803375.jpg]
[www.birmingham.ac.uk/dubai/about/our-outstanding-new-campus.html]
[www.birmingham.ac.uk/images/dubai/landing/open-day-right-fcfbf9ec50.jpg]
[www.birmingham.ac.uk/dubai/events/open-day/register.html]
[www.birmingham.ac.uk/images/dubai/landing/welcome-homepage-bannerec50.jpg]
[www.birmingham.ac.uk/dubai/welcome/welcome-and-beyond/welcome-and-beyond.html]
[www.birmingham.ac.uk/images/dubai/landing/moe-accreditation-banner-right-ffffffec50.jpg]
[www.birmingham.ac.uk/dubai/about/MoE-Licensure.html]
[www.birmingham.ac.uk/images/website/homepagefeatures/responsive/dirhams-a99296-fp-raec50.jpg]
[www.birmingham.ac.uk/dubai/study/fees-and-funding/scholarships.html]
[www.birmingham.ac.uk/images/dubai/landing/untitled-design-3ec50.png]
[www.birmingham.ac.uk/dubai/index.html]
[www.birmingham.ac.uk/Images/Students/Accommodation/Emails/The-Vale.x227dd0de2cc0.jpg]
[www.birmingham.ac.uk/static/img/arrow-right-bluef2c2.svg]
[www.birmingham.ac.uk/static/img/arrow-down-blackbdd5.svg]
[www.birmingham.ac.uk/media-library/header-images/high-res-library-image-original-png.x92e2fe255f7a.jpg]
[www.birmingham.ac.uk/study/undergraduate.html]
[www.birmingham.ac.uk/study/postgraduate.html]
[www.birmingham.ac.uk/study/short-courses.html]
[www.birmingham.ac.uk/media-library/chemistry-ctl-lab.xe0911328014f.jpg]
[www.birmingham.ac.uk/media-library/study/study24-students-on-grass.x5449dfe3459d.jpg]
[www.birmingham.ac.uk/study/postgraduate/research.html]
[www.birmingham.ac.uk/study/postgraduate/taught.html]
[www.birmingham.ac.uk/media-library/study/study17-students-inside-library.x84a25c3a459d.jpg]
[www.birmingham.ac.uk/media-library/students-studying-online.xe47c7794459d.jpg]
[www.birmingham.ac.uk/study/online-learning.html]
[www.birmingham.ac.uk/media-library/student-outdoors-studying.x39390dd7459d.jpg]
[www.birmingham.ac.uk/study/undergraduate/apply/your-offer/campus-life.html]
[www.birmingham.ac.uk/Images/Food-and-Drink/homepage-content/campus-2.x536a29d5108a.png]
[www.birmingham.ac.uk/media-library/study/birmingham-city-centre-birmingham-council-house.xfa815334bb00.jpg]
[www.birmingham.ac.uk/media-library/study/campus-old-joe-side-profile.x00ab841e096e.jpg]
[www.birmingham.ac.uk/Images/Landing/alumni/CityofBirmingham.x6f38f86d309f.jpg]
[www.birmingham.ac.uk/media-library/study/birmingham-city-centre-pigeon-park.x41422bee36b0.jpg]
[www.birmingham.ac.uk/media-library/study/campus-male-and-female-student-by-mermaid.xc8794042459d.jpg]
[www.birmingham.ac.uk/personal-page/index.html]
[www.birmingham.ac.uk/study.html]
[www.birmingham.ac.uk/study/visit-us.html]
[www.birmingham.ac.uk/study/student-experience/meet-our-students.html]
[www.birmingham.ac.uk/research/spotlights/driving-innovation.html]
[www.birmingham.ac.uk/research/spotlights/global-health-challenges.html]
[www.birmingham.ac.uk/research/spotlights/sustainable-environments.html]
[www.birmingham.ac.uk/research/spotlights/fulfilling-lives-fairer-world.html]
[www.birmingham.ac.uk/staff/profiles/index.html]
[www.birmingham.ac.uk/research/areas.html]
[www.birmingham.ac.uk/research/artslaw/historycultures.html]
[www.birmingham.ac.uk/research/artslaw/edacs.html]
[www.birmingham.ac.uk/research/artslaw/lcahm.html]
[www.birmingham.ac.uk/research/artslaw/law.html]
[www.birmingham.ac.uk/research/artslaw/ptr.html]
[www.birmingham.ac.uk/research/artslaw/index.html]
[www.birmingham.ac.uk/research/engineering-sciences/chemical-engineering.html]
[www.birmingham.ac.uk/research/engineering-sciences/chemistry.html]
[www.birmingham.ac.uk/research/activity/civil-engineering/index.html]
[www.birmingham.ac.uk/research/engineering-sciences/computer-science.html]
[www.birmingham.ac.uk/research/activity/eese/index.html]
[www.birmingham.ac.uk/research/energy/index.html]
[www.birmingham.ac.uk/research/healthcare-technologies/index.html]
[www.birmingham.ac.uk/research/gravitational-wave/index.html]
[www.birmingham.ac.uk/research/engineering-sciences/mathematics.html]
[www.birmingham.ac.uk/research/activity/mechanical-engineering/index.html]
[www.birmingham.ac.uk/research/engineering-sciences/metallurgy-materials.html]
[www.birmingham.ac.uk/research/engineering-sciences/physics-astronomy.html]
[www.birmingham.ac.uk/research/railway/index.html]
[www.birmingham.ac.uk/research/engineering-sciences/index.html]
[www.birmingham.ac.uk/research/life-environmental/biosciences.html]
[www.birmingham.ac.uk/research/life-environmental/gees.html]
[www.birmingham.ac.uk/research/life-environmental/psychology/psychology.html]
[www.birmingham.ac.uk/research/life-environmental/sportex/sportex.html]
[www.birmingham.ac.uk/research/life-environmental/index.html]
[www.birmingham.ac.uk/research/medical-dental/index.html]
[www.birmingham.ac.uk/research/social-sciences/business.html]
[www.birmingham.ac.uk/research/social-sciences/education.html]
[www.birmingham.ac.uk/research/social-sciences/govsoc.html]
[www.birmingham.ac.uk/research/social-sciences/social-policy.html]
[www.birmingham.ac.uk/research/social-sciences/index.html]
[www.birmingham.ac.uk/research/institutes.html]
[www.birmingham.ac.uk/research/news/index.html]
[www.birmingham.ac.uk/research/quest/index.html]
[www.birmingham.ac.uk/images/landing/research/2018/research-landing-hero-test-min549c.jpg]
[www.birmingham.ac.uk/images/landing/research/2022/aston-webb-ref2022-min4561.jpg]
[www.birmingham.ac.uk/news/2022/university-of-birmingham-ranked-among-top-uk-universities-for-research.html]
[www.birmingham.ac.uk/images/landing/research/2022/sereda-project-research-landing-mine66c.jpg]
[www.birmingham.ac.uk/research/superdiversity-institute/sereda/index.html]
[www.birmingham.ac.uk/news/2022/threat-of-sexual-violence-continues-for-forced-migrants-in-search-of-refuge.html]
[www.birmingham.ac.uk/images/landing/research/2022/mother-baby-covid19-research-landing-mine66c.jpg]
[www.birmingham.ac.uk/research/coronavirus/index.html]
[www.birmingham.ac.uk/news/2022/mother-to-child-transmission-of-covid-19-infection-possible-but-rare-study.html]
[www.birmingham.ac.uk/images/landing/research/2022/ageing-physical-activity-research-landing-mine66c.jpg]
[www.birmingham.ac.uk/research/quest/21st-century-healthcare/index.html]
[www.birmingham.ac.uk/research/quest/21st-century-healthcare/ageing-and-wellbeing.html]
[www.birmingham.ac.uk/images/landing/research/2022/groundwater-research-landing-mine66c.jpg]
[www.birmingham.ac.uk/news/2022/addressing-crisis-of-global-water-pollution.html]
[www.birmingham.ac.uk/partners/partner-with-us/index.html]
[www.birmingham.ac.uk/research/public-affairs/index.html]
[www.birmingham.ac.uk/research/facilities/index.html]
[www.birmingham.ac.uk/research/strategic-research-development.html]
[www.birmingham.ac.uk/research/research-environment/index.html]
[www.birmingham.ac.uk/research/research-integrity/index.html]
[www.birmingham.ac.uk/research/research-environment/responsible-research-assessment.html]
[www.birmingham.ac.uk/staff/academic-campaigns/index.html]
[www.birmingham.ac.uk/images/landing/research/2022/ffgc-logo-idea-mine66c.gif]
[www.birmingham.ac.uk/assets/img/icons/chevron-white.svg]
[www.birmingham.ac.uk/images/landing/research/2020/character-matters-heroes-promo-mine66c.jpg]
[www.birmingham.ac.uk/research/heroes/character-matters.html]
[www.birmingham.ac.uk/research/heroes/index.html]
[www.birmingham.ac.uk/images/landing/research/2021/cwg-roundtable-bay-window-mine66c.jpg]
[www.birmingham.ac.uk/research/index.html]
[www.birmingham.ac.uk/international/index-2.html]
[www.birmingham.ac.uk/images/landing/international/newfolder/international-holding-hero4f61.jpg]
[www.birmingham.ac.uk/images/staff/vips/robin-mason-newfa5e.jpg]
[www.birmingham.ac.uk/international/global-engagement/index.html]
[www.birmingham.ac.uk/images/landing/international/newfolder/global-engagement0cf1.jpg]
[www.birmingham.ac.uk/international/students/index.html]
[www.birmingham.ac.uk/images/landing/international/newfolder/international-students0cf1.jpg]
[www.birmingham.ac.uk/international/study-abroad/index.html]
[www.birmingham.ac.uk/images/landing/international/newfolder/study-abroad-promo0cf1.jpg]
[www.birmingham.ac.uk/International/index.html]
[www.birmingham.ac.uk/images/partners/2020-update/partners-hero-image4f61.jpg]
[www.birmingham.ac.uk/partners/birmingham-2022/index.html]
[www.birmingham.ac.uk/partners/news/index.html]
[www.birmingham.ac.uk/images/partners/2020-update/news89a5.png]
[www.birmingham.ac.uk/partners/enterprise/index.html]
[www.birmingham.ac.uk/images/partners/2020-update/commercialisation89a5.png]
[www.birmingham.ac.uk/partners/business-engagement/index.html]
[www.birmingham.ac.uk/images/partners/2020-update/discover-research89a5.png]
[www.birmingham.ac.uk/images/partners/2020-update/working-with-business89a5.png]
[www.birmingham.ac.uk/partners/employers/index.html]
[www.birmingham.ac.uk/images/partners/2020-update/graduates89a5.png]
[www.birmingham.ac.uk/partners/degree-apprenticeships/index.html]
[www.birmingham.ac.uk/images/partners/2020-update/das89a5.png]
[www.birmingham.ac.uk/partners/sme-support/index.html]
[www.birmingham.ac.uk/images/partners/2020-update/work with us89a5.png]
[www.birmingham.ac.uk/images/partners/2020-update/ctl89a5.png]
[www.birmingham.ac.uk/Images/Partners/bham-tech-week/2022/btw-splash2.jpg]
[www.birmingham.ac.uk/partners/btw22.html]
[www.birmingham.ac.uk/partners/contact-us/index.html]
[www.birmingham.ac.uk/Images/website/promos2/partner-duo-promo.jpg]
[www.birmingham.ac.uk/partners/why-partner-with-us.html]
[www.birmingham.ac.uk/partners/index.html]
[www.birmingham.ac.uk/news/2022/we-still-love-eu-brits-in-europe-and-uk-europeans-strongly-attached-to-eu.html]
[www.birmingham.ac.uk/media-library/header-images/eu.x043ba6847130.jpg]
[www.birmingham.ac.uk/news/2022/ancient-sharks-appeared-much-earlier-than-previously-thought.html]
[www.birmingham.ac.uk/media-library/header-images/ancient-shark-original.xeefa6c117130.png]
[www.birmingham.ac.uk/news/2022/nightmares-in-middle-age-linked-to-dementia-risk.html]
[www.birmingham.ac.uk/media-library/header-images/woman-sleeping-800.xb501bd0f.x2fd215477130.jpg]
[www.birmingham.ac.uk/news/2022/food-for-our-guts-human-microbes-feed-on-plant-sugars.html]
[www.birmingham.ac.uk/media-library/bacteria-2.x354149b37130.jpg]
[www.birmingham.ac.uk/news/2022/professorial-research-fellow-awarded-2.html]
[www.birmingham.ac.uk/news/2022/high-flux-neutron-facility-launched-at-the-university-of-birmingham.html]
[www.birmingham.ac.uk/news/2022/birmingham-global-cooling-summit-launches-new-partnership.html]
[www.birmingham.ac.uk/news/press-and-media-contacts.html]
[www.birmingham.ac.uk/news/all-news6966.html]
[www.birmingham.ac.uk/news/all-news42aa.html]
[www.birmingham.ac.uk/news/all-news9037.html]
[www.birmingham.ac.uk/news/all-news93c2.html]
[www.birmingham.ac.uk/news/all-newsee53.html]
[www.birmingham.ac.uk/news/all-news13ac.html]
[www.birmingham.ac.uk/news/all-news48ba.html]
[www.birmingham.ac.uk/news/all-news.html]
[www.birmingham.ac.uk/static/modern/js/pages-NewsLanding-newsLanding-page.9ad4ec0022ff3d73d006.mjs]
[www.birmingham.ac.uk/news.html]
[www.birmingham.ac.uk/images/landing/about/about-us-aston-webb-blossom-min4f61.jpg]
[www.birmingham.ac.uk/university/leadership/index.html]
[www.birmingham.ac.uk/images/landing/about/leadership-promo-234x160-min89a5.jpg]
[www.birmingham.ac.uk/university/our-strategy.html]
[www.birmingham.ac.uk/images/landing/about/strategy-promo-234x160-min89a5.png]
[www.birmingham.ac.uk/university/birmingham-2022/index.html]
[www.birmingham.ac.uk/images/landing/about/game-changers/cwg-official-partner-logo-promo-min89a5.gif]
[www.birmingham.ac.uk/university/history-and-heritage/index.html]
[www.birmingham.ac.uk/images/landing/about/history-promo-234x160-min89a5.jpg]
[www.birmingham.ac.uk/university/community.html]
[www.birmingham.ac.uk/images/landing/about/our-community-promo-234x160-min89a5.jpg]
[www.birmingham.ac.uk/university/city-and-region/index.html]
[www.birmingham.ac.uk/images/landing/about/city-and-region-promo-234x160-min89a5.jpg]
[www.birmingham.ac.uk/university/campus/index.html]
[www.birmingham.ac.uk/images/landing/about/our-campus-promo-3-234x160-min89a5.jpg]
[www.birmingham.ac.uk/university/social-responsibility/index.html]
[www.birmingham.ac.uk/images/university/social-responsibility-and-sustainability/good-neighbour-promo-min89a5.jpg]
[www.birmingham.ac.uk/university/index.html]
[www.birmingham.ac.uk/images/welcome/banners/welcome-festival-banner-8001x26654f61.png]
[www.birmingham.ac.uk/welcome/2022/events/timetable.html]
[www.birmingham.ac.uk/welcome/2022/before/essential-administration.html]
[www.birmingham.ac.uk/images/welcome/promo-rows/planner-postit-323x1640cf1.jpg]
[www.birmingham.ac.uk/welcome/2022/before/getting-here-and-getting-started.html]
[www.birmingham.ac.uk/images/welcome/promo-rows/students-food-ab-323x1640cf1.jpg]
[www.birmingham.ac.uk/images/welcome/promo-rows/students-lawn-ab-323x1640cf1.jpg]
[www.birmingham.ac.uk/welcome/2022/wellbeing/index.html]
[www.birmingham.ac.uk/images/welcome/promo-rows/students-walking-lib-ab-323x1640cf1.jpg]
[www.birmingham.ac.uk/welcome/2022/academic/index.html]
[www.birmingham.ac.uk/images/welcome/promo-rows/student-study-space-323x1640cf1.jpg]
[www.birmingham.ac.uk/welcome/2022/travel/index.html]
[www.birmingham.ac.uk/images/welcome/promo-rows/train-tube-ticket-323x1640cf1.jpg]
[www.birmingham.ac.uk/welcome/2022/before/online-registration.html]
[www.birmingham.ac.uk/welcome/2022/wellbeing/parents/information-for-parents-and-guardians-of-new-students.html]
[www.birmingham.ac.uk/welcome/2022/contact.html]
[www.birmingham.ac.uk/welcome/index.html]
[www.birmingham.ac.uk/Images/college-social-sciences-only/business/landing-images/2-column-features/student-on-laptop.xf22d9254d3ad.jpg]
[www.birmingham.ac.uk/media-library/header-images/aston-webb-law-arch.xfc2447f05f7a.jpg]
[www.birmingham.ac.uk/study/undergraduate/open-days/register.html]
[www.birmingham.ac.uk/study/undergraduate/open-days/attending.html]
[www.birmingham.ac.uk/study/undergraduate/open-days/travel.html]
[www.birmingham.ac.uk/media-library/study/campus-crests-students-walking.xce426a953db4.jpg]
[www.birmingham.ac.uk/media-library/tips-2.x8c29ffb3477b.jpg]
[www.birmingham.ac.uk/study/undergraduate/apply.html]
[www.birmingham.ac.uk/study/student-experience/meet-our-students/chat-with-our-undergrads.html]
[www.birmingham.ac.uk/study/undergraduate/open-days/other-events-on-campus/offer-holder-visit-days.html]
[www.birmingham.ac.uk/study/undergraduate/fees-funding/tuition.html]
[www.birmingham.ac.uk/study/undergraduate/fees-funding/student-loans.html]
[www.birmingham.ac.uk/static/modern/js/features-mixd-components-introText-introText.725f6835cc1123006ace.mjs]
[www.birmingham.ac.uk/study/undergraduate/open-days.html]
[www.birmingham.ac.uk/Images/postgraduate/student-group-campus.x0a8ab9c7d3ad.jpg]
[www.birmingham.ac.uk/media-library/study/staff-chatting-to-student.x914703e3d3ad.jpg]
[www.birmingham.ac.uk/Images/College-LES-only/Psych/students-vale.xb0a9d026d3ad.jpg]
[www.birmingham.ac.uk/media-library/study/study7-student-running-in-front-of-gym.xed8e363c3075.jpg]
[www.birmingham.ac.uk/study/postgraduate/open-events/postgraduate-campus-tours.html]
[www.birmingham.ac.uk/study/postgraduate/open-events/online-events.html]
[www.birmingham.ac.uk/media-library/study/campus-old-joe-viewed-from-the-green-heart1200x800.x90a060f4459d.jpg]
[www.birmingham.ac.uk/media-library/student-writing-laptop.x7f50c6ba459d.jpg]
[www.birmingham.ac.uk/postgraduate/visit/events/index.html]
[www.birmingham.ac.uk/study/postgraduate/open-events/cafe-events.html]
[www.birmingham.ac.uk/study/postgraduate/prospectus.html]
[www.birmingham.ac.uk/study/postgraduate/research/how-to-apply.html]
[www.birmingham.ac.uk/study/postgraduate/taught/apply.html]
[www.birmingham.ac.uk/static/modern/js/features-mixd-components-blockQuote-blockQuote.162ec24f3f98744b6e56.mjs]
[www.birmingham.ac.uk/study/postgraduate/open-events.html]
[www.birmingham.ac.uk/images/students/accommodation/homepage/responsive-accommodation-landing-page4f61.png]
[www.birmingham.ac.uk/accommodation/apply-for-accommodation/apply-online.html]
[www.birmingham.ac.uk/accommodation/guarantee.html]
[www.birmingham.ac.uk/accommodation/residences/undergraduate/oakley-court-shared.html]
[www.birmingham.ac.uk/images/students/accommodation/residences/oakley-court-kitchen-cropped-585x3000ebf.jpg]
[www.birmingham.ac.uk/accommodation/residences/undergraduate/ashcroft.html]
[www.birmingham.ac.uk/images/students/accommodation/residences/ashcroft-bedroom-cropped-585x3000ebf.jpg]
[www.birmingham.ac.uk/accommodation/residences/undergraduate/bournbrook.html]
[www.birmingham.ac.uk/images/students/accommodation/residences/bournbrook-external-cropped-585x3000ebf.jpg]
[www.birmingham.ac.uk/accommodation/residences/undergraduate/jarratt-hall.html]
[www.birmingham.ac.uk/images/students/accommodation/residences/jarratt-hall-external-cropped-585x3000ebf.jpg]
[www.birmingham.ac.uk/accommodation/residences/undergraduate/shackleton-shared.html]
[www.birmingham.ac.uk/images/students/accommodation/universityownedaccommodation/bedroom-and-kitchen-pictures-2018/shackleton/shared/bedroom-3-cropped-585x3000ebf.jpg]
[www.birmingham.ac.uk/accommodation/residences/undergraduate/shackleton-ensuite.html]
[www.birmingham.ac.uk/images/students/accommodation/residences/shackleton-bedroom-cropped-585x3000ebf.jpg]
[www.birmingham.ac.uk/accommodation/indexad57.html]
[www.birmingham.ac.uk/accommodation/index4f95.html]
[www.birmingham.ac.uk/accommodation/indexb34a.html]
[www.birmingham.ac.uk/accommodation/indexbccc.html]
[www.birmingham.ac.uk/accommodation/residences/studios-and-studio-apartments.html]
[www.birmingham.ac.uk/accommodation/our-services/index.html]
[www.birmingham.ac.uk/accommodation/contact-us.html]
[www.birmingham.ac.uk/accommodation/faqs.html]
[www.birmingham.ac.uk/accommodation/accommodation-fees-2022-23.html]
[www.birmingham.ac.uk/accommodation/accommodation-for-presessional-students.html]
[www.birmingham.ac.uk/accommodation/renting-accommodation-privately/index.html]
[www.birmingham.ac.uk/accommodation/our-services/codeofpractice.html]
[www.birmingham.ac.uk/Images/Students/Accommodation/New-Website/Homepage/accommodation-code-logo-strapline-transparent305x108.png]
[www.birmingham.ac.uk/accommodation/index.html]
[www.birmingham.ac.uk/images/teachers/teacher-page-banner4f61.jpg]
[www.birmingham.ac.uk/teachers/years-7-11/index.html]
[www.birmingham.ac.uk/images/outreach/year-7-110cf1.jpg]
[www.birmingham.ac.uk/teachers/year-12/index.html]
[www.birmingham.ac.uk/images/outreach/year-120cf1.jpg]
[www.birmingham.ac.uk/teachers/year-13/index.html]
[www.birmingham.ac.uk/images/outreach/year-130cf1.jpg]
[www.birmingham.ac.uk/teachers/study-resources/index.html]
[www.birmingham.ac.uk/images/outreach/subject-resources0cf1.jpg]
[www.birmingham.ac.uk/teachers/year-12/pathways-to-birmingham/index.html]
[www.birmingham.ac.uk/images/outreach/school-visit0cf1.jpg]
[www.birmingham.ac.uk/schools/education/courses/professional-development.html]
[www.birmingham.ac.uk/images/outreach/teacher-cpd0cf1.jpg]
[www.birmingham.ac.uk/teachers/events/index.html]
[www.birmingham.ac.uk/schools/education/teacher-education/index.html]
[www.birmingham.ac.uk/schools/education/teacher-education/ecf/index.html]
[www.birmingham.ac.uk/teachers/research/index.html]
[www.birmingham.ac.uk/teachers/school-and-campus-visits.html]
[www.birmingham.ac.uk/teachers/primary/index.html]
[www.birmingham.ac.uk/teachers/years-7-11/student-mentoring.html]
[www.birmingham.ac.uk/teachers/events/university-of-birmingham-conference-for-teachers-and-advisers-2023.html]
[www.birmingham.ac.uk/teachers/events/university-of-birmingham-and-the-university-of-nottingham-london-conference-for-teachers-and-advisers-2023.html]
[www.birmingham.ac.uk/teachers/journey-to-university/index.html]
[www.birmingham.ac.uk/teachers/meet-the-team.html]
[www.birmingham.ac.uk/teachers/index.html]
[www.birmingham.ac.uk/contact/directions/study-spaces-map.html]
[www.birmingham.ac.uk/Images/Students/Explore-VR/Download-on-the-App-Store-Badge-US-UK-135x40-Cropped-135x40.jpg]
[www.birmingham.ac.uk/Images/Students/Explore-VR/Google-Play-Cropped-135x40.jpg]
[www.birmingham.ac.uk/contact/directions/disability.html]
[www.birmingham.ac.uk/contact/directions/getting-here-edgbaston.html]
[www.birmingham.ac.uk/contact/directions/getting-here-selly-oak.html]
[www.birmingham.ac.uk/schools/edacs/departments/shakespeare/contact/index.html]
[www.birmingham.ac.uk/schools/dentistry/contact/index.html]
[www.birmingham.ac.uk/documents/university/edgbaston-campus-map.pdf]
[www.birmingham.ac.uk/documents/university/edgbaston-campus-map-mobility.pdf]
[www.birmingham.ac.uk/documents/university/selly-oak-campus-map.pdf]
[www.birmingham.ac.uk/documents/university/vale-map.pdf]
[www.birmingham.ac.uk/contact/directions/index.html]
[www.birmingham.ac.uk/contact/social-media-hub.html]
[www.birmingham.ac.uk/contact/app-store/index.html]
[www.birmingham.ac.uk/Images/Students/random/Undergraduatestudents-Cropped-172x256.jpg]
[www.birmingham.ac.uk/students/ug-admissions/home.html]
